# JRE version: OpenJDK Runtime Environment (23.0.1+11) (build 23.0.1+11-39)
# Java VM: OpenJDK 64-Bit Server VM (23.0.1+11-39, mixed mode, sharing, tiered, compressed oops, compressed class ptrs, g1 gc, linux-amd64)
GC Precious Log:
 CardTable entry size: 512
 Card Set container configuration: InlinePtr #cards 4 size 8 Array Of Cards #cards 16 size 48 Howl #buckets 8 coarsen threshold 3686 Howl Bitmap #cards 512 size 80 coarsen threshold 460 Card regions per heap region 1 cards per card region 4096
 CPUs: 8 total, 8 available
 Memory: 15792M
 Large Page Support: Disabled
 NUMA Support: Disabled
 Compressed Oops: Enabled (Zero based)
 Heap Region Size: 2M
 Heap Min Capacity: 8M
 Heap Initial Capacity: 248M
 Heap Max Capacity: 3950M
 Pre-touch: Disabled
 Parallel Workers: 8
 Concurrent Workers: 2
 Concurrent Refinement Workers: 8
 Periodic GC: Disabled
Heap:
 garbage-first heap   total reserved 4044800K, committed 61440K, used 13133K [0x0000000709200000, 0x0000000800000000)
  region size 2048K, 2 young (4096K), 1 survivors (2048K)
 Metaspace       used 24376K, committed 24832K, reserved 1114112K
  class space    used 3324K, committed 3520K, reserved 1048576K
GC Heap History (16 events):
Event: 0.520 GC heap before
{Heap before GC invocations=0 (full 0):
 garbage-first heap   total reserved 4044800K, committed 256000K, used 25721K [0x0000000709200000, 0x0000000800000000)
  region size 2048K, 12 young (24576K), 0 survivors (0K)
 Metaspace       used 7460K, committed 7744K, reserved 1114112K
  class space    used 845K, committed 960K, reserved 1048576K
}
Event: 0.524 GC heap after
{Heap after GC invocations=1 (full 0):
 garbage-first heap   total reserved 4044800K, committed 256000K, used 5401K [0x0000000709200000, 0x0000000800000000)
  region size 2048K, 2 young (4096K), 2 survivors (4096K)
 Metaspace       used 7460K, committed 7744K, reserved 1114112K
  class space    used 845K, committed 960K, reserved 1048576K
}
Event: 0.712 GC heap before
{Heap before GC invocations=1 (full 0):
 garbage-first heap   total reserved 4044800K, committed 256000K, used 25881K [0x0000000709200000, 0x0000000800000000)
  region size 2048K, 12 young (24576K), 2 survivors (4096K)
 Metaspace       used 14152K, committed 14528K, reserved 1114112K
  class space    used 1834K, committed 1984K, reserved 1048576K
}
Event: 0.715 GC heap after
{Heap after GC invocations=2 (full 0):
 garbage-first heap   total reserved 4044800K, committed 256000K, used 7621K [0x0000000709200000, 0x0000000800000000)
  region size 2048K, 2 young (4096K), 2 survivors (4096K)
 Metaspace       used 14152K, committed 14528K, reserved 1114112K
  class space    used 1834K, committed 1984K, reserved 1048576K
}
Event: 2.586 GC heap before
{Heap before GC invocations=2 (full 0):
 garbage-first heap   total reserved 4044800K, committed 256000K, used 44485K [0x0000000709200000, 0x0000000800000000)
  region size 2048K, 21 young (43008K), 2 survivors (4096K)
 Metaspace       used 21095K, committed 21504K, reserved 1114112K
  class space    used 3122K, committed 3328K, reserved 1048576K
}
Event: 2.589 GC heap after
{Heap after GC invocations=3 (full 0):
 garbage-first heap   total reserved 4044800K, committed 256000K, used 13028K [0x0000000709200000, 0x0000000800000000)
  region size 2048K, 3 young (6144K), 3 survivors (6144K)
 Metaspace       used 21095K, committed 21504K, reserved 1114112K
  class space    used 3122K, committed 3328K, reserved 1048576K
}
Event: 704.076 GC heap before
{Heap before GC invocations=4 (full 0):
 garbage-first heap   total reserved 4044800K, committed 55296K, used 51940K [0x0000000709200000, 0x0000000800000000)
  region size 2048K, 22 young (45056K), 3 survivors (6144K)
 Metaspace       used 24243K, committed 24704K, reserved 1114112K
  class space    used 3313K, committed 3520K, reserved 1048576K
}
Event: 704.088 GC heap after
{Heap after GC invocations=5 (full 0):
 garbage-first heap   total reserved 4044800K, committed 61440K, used 13429K [0x0000000709200000, 0x0000000800000000)
  region size 2048K, 2 young (4096K), 2 survivors (4096K)
 Metaspace       used 24243K, committed 24704K, reserved 1114112K
  class space    used 3313K, committed 3520K, reserved 1048576K
}
Event: 1325.704 GC heap before
{Heap before GC invocations=5 (full 0):
 garbage-first heap   total reserved 4044800K, committed 61440K, used 42101K [0x0000000709200000, 0x0000000800000000)
  region size 2048K, 16 young (32768K), 2 survivors (4096K)
 Metaspace       used 24250K, committed 24704K, reserved 1114112K
  class space    used 3315K, committed 3520K, reserved 1048576K
}
Event: 1325.716 GC heap after
{Heap after GC invocations=6 (full 0):
 garbage-first heap   total reserved 4044800K, committed 61440K, used 13503K [0x0000000709200000, 0x0000000800000000)
  region size 2048K, 1 young (2048K), 1 survivors (2048K)
 Metaspace       used 24250K, committed 24704K, reserved 1114112K
  class space    used 3315K, committed 3520K, reserved 1048576K
}
Event: 1983.197 GC heap before
{Heap before GC invocations=6 (full 0):
 garbage-first heap   total reserved 4044800K, committed 61440K, used 42175K [0x0000000709200000, 0x0000000800000000)
  region size 2048K, 15 young (30720K), 1 survivors (2048K)
 Metaspace       used 24356K, committed 24832K, reserved 1114112K
  class space    used 3321K, committed 3520K, reserved 1048576K
}
Event: 1983.200 GC heap after
{Heap after GC invocations=7 (full 0):
 garbage-first heap   total reserved 4044800K, committed 61440K, used 13227K [0x0000000709200000, 0x0000000800000000)
  region size 2048K, 1 young (2048K), 1 survivors (2048K)
 Metaspace       used 24356K, committed 24832K, reserved 1114112K
  class space    used 3321K, committed 3520K, reserved 1048576K
}
Event: 2703.545 GC heap before
{Heap before GC invocations=7 (full 0):
 garbage-first heap   total reserved 4044800K, committed 61440K, used 43947K [0x0000000709200000, 0x0000000800000000)
  region size 2048K, 16 young (32768K), 1 survivors (2048K)
 Metaspace       used 24356K, committed 24832K, reserved 1114112K
  class space    used 3321K, committed 3520K, reserved 1048576K
}
Event: 2703.547 GC heap after
{Heap after GC invocations=8 (full 0):
 garbage-first heap   total reserved 4044800K, committed 61440K, used 13149K [0x0000000709200000, 0x0000000800000000)
  region size 2048K, 1 young (2048K), 1 survivors (2048K)
 Metaspace       used 24356K, committed 24832K, reserved 1114112K
  class space    used 3321K, committed 3520K, reserved 1048576K
}
Event: 3476.024 GC heap before
{Heap before GC invocations=8 (full 0):
 garbage-first heap   total reserved 4044800K, committed 61440K, used 45917K [0x0000000709200000, 0x0000000800000000)
  region size 2048K, 17 young (34816K), 1 survivors (2048K)
 Metaspace       used 24356K, committed 24832K, reserved 1114112K
  class space    used 3321K, committed 3520K, reserved 1048576K
}
Event: 3476.025 GC heap after
{Heap after GC invocations=9 (full 0):
 garbage-first heap   total reserved 4044800K, committed 61440K, used 13185K [0x0000000709200000, 0x0000000800000000)
  region size 2048K, 1 young (2048K), 1 survivors (2048K)
 Metaspace       used 24356K, committed 24832K, reserved 1114112K
  class space    used 3321K, committed 3520K, reserved 1048576K
}

