# JRE version: OpenJDK Runtime Environment (23.0.1+11) (build 23.0.1+11-39)
# Java VM: OpenJDK 64-Bit Server VM (23.0.1+11-39, mixed mode, sharing, tiered, compressed oops, compressed class ptrs, g1 gc, linux-amd64)
GC Precious Log:
 CardTable entry size: 512
 Card Set container configuration: InlinePtr #cards 4 size 8 Array Of Cards #cards 16 size 48 Howl #buckets 8 coarsen threshold 3686 Howl Bitmap #cards 512 size 80 coarsen threshold 460 Card regions per heap region 1 cards per card region 4096
 CPUs: 8 total, 8 available
 Memory: 15792M
 Large Page Support: Disabled
 NUMA Support: Disabled
 Compressed Oops: Enabled (Zero based)
 Heap Region Size: 2M
 Heap Min Capacity: 8M
 Heap Initial Capacity: 248M
 Heap Max Capacity: 3950M
 Pre-touch: Disabled
 Parallel Workers: 8
 Concurrent Workers: 2
 Concurrent Refinement Workers: 8
 Periodic GC: Disabled
Heap:
 garbage-first heap   total reserved 4044800K, committed 67584K, used 30297K [0x0000000709200000, 0x0000000800000000)
  region size 2048K, 8 young (16384K), 1 survivors (2048K)
 Metaspace       used 35377K, committed 35904K, reserved 1114112K
  class space    used 4740K, committed 4992K, reserved 1048576K
GC Heap History (10 events):
Event: 0.457 GC heap before
{Heap before GC invocations=0 (full 0):
 garbage-first heap   total reserved 4044800K, committed 256000K, used 25721K [0x0000000709200000, 0x0000000800000000)
  region size 2048K, 12 young (24576K), 0 survivors (0K)
 Metaspace       used 7084K, committed 7360K, reserved 1114112K
  class space    used 808K, committed 960K, reserved 1048576K
}
Event: 0.459 GC heap after
{Heap after GC invocations=1 (full 0):
 garbage-first heap   total reserved 4044800K, committed 256000K, used 5236K [0x0000000709200000, 0x0000000800000000)
  region size 2048K, 2 young (4096K), 2 survivors (4096K)
 Metaspace       used 7084K, committed 7360K, reserved 1114112K
  class space    used 808K, committed 960K, reserved 1048576K
}
Event: 0.651 GC heap before
{Heap before GC invocations=1 (full 0):
 garbage-first heap   total reserved 4044800K, committed 256000K, used 25716K [0x0000000709200000, 0x0000000800000000)
  region size 2048K, 12 young (24576K), 2 survivors (4096K)
 Metaspace       used 13703K, committed 14016K, reserved 1114112K
  class space    used 1769K, committed 1920K, reserved 1048576K
}
Event: 0.655 GC heap after
{Heap after GC invocations=2 (full 0):
 garbage-first heap   total reserved 4044800K, committed 256000K, used 6823K [0x0000000709200000, 0x0000000800000000)
  region size 2048K, 2 young (4096K), 2 survivors (4096K)
 Metaspace       used 13703K, committed 14016K, reserved 1114112K
  class space    used 1769K, committed 1920K, reserved 1048576K
}
Event: 3.509 GC heap before
{Heap before GC invocations=2 (full 0):
 garbage-first heap   total reserved 4044800K, committed 256000K, used 47783K [0x0000000709200000, 0x0000000800000000)
  region size 2048K, 22 young (45056K), 2 survivors (4096K)
 Metaspace       used 21069K, committed 21504K, reserved 1114112K
  class space    used 3114K, committed 3328K, reserved 1048576K
}
Event: 3.512 GC heap after
{Heap after GC invocations=3 (full 0):
 garbage-first heap   total reserved 4044800K, committed 256000K, used 14886K [0x0000000709200000, 0x0000000800000000)
  region size 2048K, 3 young (6144K), 3 survivors (6144K)
 Metaspace       used 21069K, committed 21504K, reserved 1114112K
  class space    used 3114K, committed 3328K, reserved 1048576K
}
Event: 5.064 GC heap before
{Heap before GC invocations=4 (full 0):
 garbage-first heap   total reserved 4044800K, committed 55296K, used 53798K [0x0000000709200000, 0x0000000800000000)
  region size 2048K, 22 young (45056K), 3 survivors (6144K)
 Metaspace       used 32907K, committed 33408K, reserved 1114112K
  class space    used 4514K, committed 4736K, reserved 1048576K
}
Event: 5.069 GC heap after
{Heap after GC invocations=5 (full 0):
 garbage-first heap   total reserved 4044800K, committed 67584K, used 17048K [0x0000000709200000, 0x0000000800000000)
  region size 2048K, 5 young (10240K), 5 survivors (10240K)
 Metaspace       used 32907K, committed 33408K, reserved 1114112K
  class space    used 4514K, committed 4736K, reserved 1048576K
}
Event: 380.419 GC heap before
{Heap before GC invocations=5 (full 0):
 garbage-first heap   total reserved 4044800K, committed 67584K, used 45720K [0x0000000709200000, 0x0000000800000000)
  region size 2048K, 19 young (38912K), 5 survivors (10240K)
 Metaspace       used 35256K, committed 35840K, reserved 1114112K
  class space    used 4734K, committed 4992K, reserved 1048576K
}
Event: 380.440 GC heap after
{Heap after GC invocations=6 (full 0):
 garbage-first heap   total reserved 4044800K, committed 67584K, used 18009K [0x0000000709200000, 0x0000000800000000)
  region size 2048K, 1 young (2048K), 1 survivors (2048K)
 Metaspace       used 35256K, committed 35840K, reserved 1114112K
  class space    used 4734K, committed 4992K, reserved 1048576K
}

